<?xml version="1.0" encoding="UTF-8"?>
<testsuite name="com.esure.cars.EsureApplicationTests" tests="1" skipped="0" failures="0" errors="0" timestamp="2019-11-29T14:26:14" hostname="DESKTOP-Q5FJF4P" time="0.15">
  <properties/>
  <testcase name="contextLoads()" classname="com.esure.cars.EsureApplicationTests" time="0.15"/>
  <system-out><![CDATA[14:26:13.380 [Test worker] DEBUG org.springframework.test.context.BootstrapUtils - Instantiating CacheAwareContextLoaderDelegate from class [org.springframework.test.context.cache.DefaultCacheAwareContextLoaderDelegate]
14:26:13.419 [Test worker] DEBUG org.springframework.test.context.BootstrapUtils - Instantiating BootstrapContext using constructor [public org.springframework.test.context.support.DefaultBootstrapContext(java.lang.Class,org.springframework.test.context.CacheAwareContextLoaderDelegate)]
14:26:13.443 [Test worker] DEBUG org.springframework.test.context.BootstrapUtils - Instantiating TestContextBootstrapper for test class [com.esure.cars.EsureApplicationTests] from class [org.springframework.boot.test.context.SpringBootTestContextBootstrapper]
14:26:13.457 [Test worker] INFO org.springframework.boot.test.context.SpringBootTestContextBootstrapper - Neither @ContextConfiguration nor @ContextHierarchy found for test class [com.esure.cars.EsureApplicationTests], using SpringBootContextLoader
14:26:13.460 [Test worker] DEBUG org.springframework.test.context.support.AbstractContextLoader - Did not detect default resource location for test class [com.esure.cars.EsureApplicationTests]: class path resource [com/esure/cars/EsureApplicationTests-context.xml] does not exist
14:26:13.460 [Test worker] DEBUG org.springframework.test.context.support.AbstractContextLoader - Did not detect default resource location for test class [com.esure.cars.EsureApplicationTests]: class path resource [com/esure/cars/EsureApplicationTestsContext.groovy] does not exist
14:26:13.461 [Test worker] INFO org.springframework.test.context.support.AbstractContextLoader - Could not detect default resource locations for test class [com.esure.cars.EsureApplicationTests]: no resource found for suffixes {-context.xml, Context.groovy}.
14:26:13.461 [Test worker] INFO org.springframework.test.context.support.AnnotationConfigContextLoaderUtils - Could not detect default configuration classes for test class [com.esure.cars.EsureApplicationTests]: EsureApplicationTests does not declare any static, non-private, non-final, nested classes annotated with @Configuration.
14:26:13.487 [Test worker] DEBUG org.springframework.test.context.support.ActiveProfilesUtils - Could not find an 'annotation declaring class' for annotation type [org.springframework.test.context.ActiveProfiles] and class [com.esure.cars.EsureApplicationTests]
14:26:13.535 [Test worker] DEBUG org.springframework.context.annotation.ClassPathScanningCandidateComponentProvider - Identified candidate component class: file [C:\Users\Frederic Bonhoure\Desktop\Gradle Projects\cars\build\classes\java\main\com\esure\cars\EsureApplication.class]
14:26:13.536 [Test worker] INFO org.springframework.boot.test.context.SpringBootTestContextBootstrapper - Found @SpringBootConfiguration com.esure.cars.EsureApplication for test class com.esure.cars.EsureApplicationTests
14:26:13.744 [Test worker] DEBUG org.springframework.boot.test.context.SpringBootTestContextBootstrapper - @TestExecutionListeners is not present for class [com.esure.cars.EsureApplicationTests]: using defaults.
14:26:13.744 [Test worker] INFO org.springframework.boot.test.context.SpringBootTestContextBootstrapper - Loaded default TestExecutionListener class names from location [META-INF/spring.factories]: [org.springframework.boot.test.autoconfigure.restdocs.RestDocsTestExecutionListener, org.springframework.boot.test.autoconfigure.web.client.MockRestServiceServerResetTestExecutionListener, org.springframework.boot.test.autoconfigure.web.servlet.MockMvcPrintOnlyOnFailureTestExecutionListener, org.springframework.boot.test.autoconfigure.web.servlet.WebDriverTestExecutionListener, org.springframework.boot.test.mock.mockito.MockitoTestExecutionListener, org.springframework.boot.test.mock.mockito.ResetMocksTestExecutionListener, org.springframework.test.context.web.ServletTestExecutionListener, org.springframework.test.context.support.DirtiesContextBeforeModesTestExecutionListener, org.springframework.test.context.support.DependencyInjectionTestExecutionListener, org.springframework.test.context.support.DirtiesContextTestExecutionListener, org.springframework.test.context.transaction.TransactionalTestExecutionListener, org.springframework.test.context.jdbc.SqlScriptsTestExecutionListener, org.springframework.test.context.event.EventPublishingTestExecutionListener]
14:26:13.751 [Test worker] DEBUG org.springframework.boot.test.context.SpringBootTestContextBootstrapper - Skipping candidate TestExecutionListener [org.springframework.test.context.web.ServletTestExecutionListener] due to a missing dependency. Specify custom listener classes or make the default listener classes and their required dependencies available. Offending class: [javax/servlet/ServletContext]
14:26:13.752 [Test worker] DEBUG org.springframework.boot.test.context.SpringBootTestContextBootstrapper - Skipping candidate TestExecutionListener [org.springframework.test.context.transaction.TransactionalTestExecutionListener] due to a missing dependency. Specify custom listener classes or make the default listener classes and their required dependencies available. Offending class: [org/springframework/transaction/interceptor/TransactionAttributeSource]
14:26:13.752 [Test worker] DEBUG org.springframework.boot.test.context.SpringBootTestContextBootstrapper - Skipping candidate TestExecutionListener [org.springframework.test.context.jdbc.SqlScriptsTestExecutionListener] due to a missing dependency. Specify custom listener classes or make the default listener classes and their required dependencies available. Offending class: [org/springframework/transaction/interceptor/TransactionAttribute]
14:26:13.753 [Test worker] INFO org.springframework.boot.test.context.SpringBootTestContextBootstrapper - Using TestExecutionListeners: [org.springframework.test.context.support.DirtiesContextBeforeModesTestExecutionListener@13385b3, org.springframework.boot.test.mock.mockito.MockitoTestExecutionListener@14221c2, org.springframework.boot.test.autoconfigure.SpringBootDependencyInjectionTestExecutionListener@92ba22, org.springframework.test.context.support.DirtiesContextTestExecutionListener@d70cf7, org.springframework.test.context.event.EventPublishingTestExecutionListener@1740f03, org.springframework.boot.test.autoconfigure.restdocs.RestDocsTestExecutionListener@192651e, org.springframework.boot.test.autoconfigure.web.client.MockRestServiceServerResetTestExecutionListener@e68e24, org.springframework.boot.test.autoconfigure.web.servlet.MockMvcPrintOnlyOnFailureTestExecutionListener@ec8e3b, org.springframework.boot.test.autoconfigure.web.servlet.WebDriverTestExecutionListener@1ff8632, org.springframework.boot.test.mock.mockito.ResetMocksTestExecutionListener@1c3b946]
14:26:13.756 [Test worker] DEBUG org.springframework.test.context.support.AbstractDirtiesContextTestExecutionListener - Before test class: context [DefaultTestContext@16a309a testClass = EsureApplicationTests, testInstance = [null], testMethod = [null], testException = [null], mergedContextConfiguration = [MergedContextConfiguration@180cc19 testClass = EsureApplicationTests, locations = '{}', classes = '{class com.esure.cars.EsureApplication}', contextInitializerClasses = '[]', activeProfiles = '{}', propertySourceLocations = '{}', propertySourceProperties = '{org.springframework.boot.test.context.SpringBootTestContextBootstrapper=true}', contextCustomizers = set[org.springframework.boot.test.autoconfigure.properties.PropertyMappingContextCustomizer@0, org.springframework.boot.test.autoconfigure.web.servlet.WebDriverContextCustomizerFactory$Customizer@9bd914, org.springframework.boot.test.context.filter.ExcludeFilterContextCustomizer@15b7649, org.springframework.boot.test.json.DuplicateJsonObjectContextCustomizerFactory$DuplicateJsonObjectContextCustomizer@7bd2cf, org.springframework.boot.test.mock.mockito.MockitoContextCustomizer@0, org.springframework.boot.test.web.client.TestRestTemplateContextCustomizer@418173], contextLoader = 'org.springframework.boot.test.context.SpringBootContextLoader', parent = [null]], attributes = map[[empty]]], class annotated with @DirtiesContext [false] with mode [null].
14:26:13.765 [Test worker] DEBUG org.springframework.test.context.support.DependencyInjectionTestExecutionListener - Performing dependency injection for test context [[DefaultTestContext@16a309a testClass = EsureApplicationTests, testInstance = com.esure.cars.EsureApplicationTests@1537712, testMethod = [null], testException = [null], mergedContextConfiguration = [MergedContextConfiguration@180cc19 testClass = EsureApplicationTests, locations = '{}', classes = '{class com.esure.cars.EsureApplication}', contextInitializerClasses = '[]', activeProfiles = '{}', propertySourceLocations = '{}', propertySourceProperties = '{org.springframework.boot.test.context.SpringBootTestContextBootstrapper=true}', contextCustomizers = set[org.springframework.boot.test.autoconfigure.properties.PropertyMappingContextCustomizer@0, org.springframework.boot.test.autoconfigure.web.servlet.WebDriverContextCustomizerFactory$Customizer@9bd914, org.springframework.boot.test.context.filter.ExcludeFilterContextCustomizer@15b7649, org.springframework.boot.test.json.DuplicateJsonObjectContextCustomizerFactory$DuplicateJsonObjectContextCustomizer@7bd2cf, org.springframework.boot.test.mock.mockito.MockitoContextCustomizer@0, org.springframework.boot.test.web.client.TestRestTemplateContextCustomizer@418173], contextLoader = 'org.springframework.boot.test.context.SpringBootContextLoader', parent = [null]], attributes = map[[empty]]]].
14:26:13.784 [Test worker] DEBUG org.springframework.test.context.support.TestPropertySourceUtils - Adding inlined properties to environment: {spring.jmx.enabled=false, org.springframework.boot.test.context.SpringBootTestContextBootstrapper=true, server.port=-1}

  .   ____          _            __ _ _
 /\\ / ___'_ __ _ _(_)_ __  __ _ \ \ \ \
( ( )\___ | '_ | '_| | '_ \/ _` | \ \ \ \
 \\/  ___)| |_)| | | | | || (_| |  ) ) ) )
  '  |____| .__|_| |_|_| |_\__, | / / / /
 =========|_|==============|___/=/_/_/_/
 :: Spring Boot ::        (v2.2.1.RELEASE)

2019-11-29 14:26:14.001  INFO 11788 --- [    Test worker] com.esure.cars.EsureApplicationTests     : Starting EsureApplicationTests on DESKTOP-Q5FJF4P with PID 11788 (started by Frederic PC in C:\Users\Frederic Bonhoure\Desktop\Gradle Projects\cars)
2019-11-29 14:26:14.002  INFO 11788 --- [    Test worker] com.esure.cars.EsureApplicationTests     : No active profile set, falling back to default profiles: default
2019-11-29 14:26:14.344  INFO 11788 --- [    Test worker] com.esure.cars.EsureApplicationTests     : Started EsureApplicationTests in 0.558 seconds (JVM running for 2.038)
]]></system-out>
  <system-err><![CDATA[]]></system-err>
</testsuite>
